============================= test session starts ==============================
platform darwin -- Python 3.14.3, pytest-9.0.2, pluggy-1.6.0 -- /Users/sadusumilli/clawd/projects/opensre/.venv/bin/python3.14
cachedir: .pytest_cache
rootdir: /Users/sadusumilli/clawd/projects/opensre
configfile: pyproject.toml
plugins: respx-0.22.0, mock-3.15.1, cov-7.1.0, asyncio-1.3.0, Faker-40.11.1, anyio-4.13.0
asyncio: mode=Mode.AUTO, debug=False, asyncio_default_fixture_loop_scope=None, asyncio_default_test_loop_scope=function
collecting ... collected 14 items

tests/integration/test_skills_integration.py::TestPrometheusIntegration::test_query_basic PASSED [  7%]
tests/integration/test_skills_integration.py::TestPrometheusIntegration::test_get_targets PASSED [ 14%]
tests/integration/test_skills_integration.py::TestPrometheusIntegration::test_get_alerts PASSED [ 21%]
tests/integration/test_skills_integration.py::TestKubernetesIntegration::test_get_pods PASSED [ 28%]
tests/integration/test_skills_integration.py::TestKubernetesIntegration::test_get_deployments PASSED [ 35%]
tests/integration/test_skills_integration.py::TestKubernetesIntegration::test_get_events PASSED [ 42%]
tests/integration/test_skills_integration.py::TestHTTPIntegration::test_get_request PASSED [ 50%]
tests/integration/test_skills_integration.py::TestHTTPIntegration::test_post_request PASSED [ 57%]
tests/integration/test_skills_integration.py::TestHTTPIntegration::test_health_check FAILED [ 64%]
tests/integration/test_skills_integration.py::TestHTTPIntegration::test_health_check_failure FAILED [ 71%]
tests/integration/test_skills_integration.py::TestDatadogIntegration::test_query_metrics SKIPPED [ 78%]
tests/integration/test_skills_integration.py::TestDatadogIntegration::test_get_monitors SKIPPED [ 85%]
tests/integration/test_skills_integration.py::TestElasticsearchIntegration::test_cluster_health PASSED [ 92%]
tests/integration/test_skills_integration.py::TestElasticsearchIntegration::test_get_indices PASSED [100%]

=================================== FAILURES ===================================
____________________ TestHTTPIntegration.test_health_check _____________________
tests/integration/test_skills_integration.py:142: in test_health_check
    result = await http_skill.health_check(
E   TypeError: HTTPSkill.health_check() got an unexpected keyword argument 'url'
________________ TestHTTPIntegration.test_health_check_failure _________________
tests/integration/test_skills_integration.py:156: in test_health_check_failure
    result = await http_skill.health_check(
E   TypeError: HTTPSkill.health_check() got an unexpected keyword argument 'url'
=========================== short test summary info ============================
FAILED tests/integration/test_skills_integration.py::TestHTTPIntegration::test_health_check
FAILED tests/integration/test_skills_integration.py::TestHTTPIntegration::test_health_check_failure
=================== 2 failed, 10 passed, 2 skipped in 3.87s ====================
============================= test session starts ==============================
platform darwin -- Python 3.14.3, pytest-9.0.2, pluggy-1.6.0 -- /Users/sadusumilli/clawd/projects/opensre/.venv/bin/python3.14
cachedir: .pytest_cache
rootdir: /Users/sadusumilli/clawd/projects/opensre
configfile: pyproject.toml
plugins: respx-0.22.0, mock-3.15.1, cov-7.1.0, asyncio-1.3.0, Faker-40.11.1, anyio-4.13.0
asyncio: mode=Mode.AUTO, debug=False, asyncio_default_fixture_loop_scope=None, asyncio_default_test_loop_scope=function
collecting ... collected 14 items

tests/integration/test_skills_integration.py::TestPrometheusIntegration::test_query_basic ERROR [  7%]
tests/integration/test_skills_integration.py::TestPrometheusIntegration::test_get_targets ERROR [ 14%]
tests/integration/test_skills_integration.py::TestPrometheusIntegration::test_get_alerts ERROR [ 21%]
tests/integration/test_skills_integration.py::TestKubernetesIntegration::test_get_pods ERROR [ 28%]
tests/integration/test_skills_integration.py::TestKubernetesIntegration::test_get_deployments ERROR [ 35%]
tests/integration/test_skills_integration.py::TestKubernetesIntegration::test_get_events ERROR [ 42%]
tests/integration/test_skills_integration.py::TestHTTPIntegration::test_get_request ERROR [ 50%]
tests/integration/test_skills_integration.py::TestHTTPIntegration::test_post_request ERROR [ 57%]
tests/integration/test_skills_integration.py::TestHTTPIntegration::test_health_check ERROR [ 64%]
tests/integration/test_skills_integration.py::TestHTTPIntegration::test_health_check_failure ERROR [ 71%]
tests/integration/test_skills_integration.py::TestDatadogIntegration::test_query_metrics SKIPPED [ 78%]
tests/integration/test_skills_integration.py::TestDatadogIntegration::test_get_monitors SKIPPED [ 85%]
tests/integration/test_skills_integration.py::TestElasticsearchIntegration::test_cluster_health ERROR [ 92%]
tests/integration/test_skills_integration.py::TestElasticsearchIntegration::test_get_indices ERROR [100%]

==================================== ERRORS ====================================
_________ ERROR at setup of TestPrometheusIntegration.test_query_basic _________
tests/integration/test_skills_integration.py:23: in prometheus_skill
    from skills.prometheus.actions import PrometheusSkill
skills/__init__.py:12: in <module>
    from skills.http import HTTPSkill
skills/http/__init__.py:7: in <module>
    from .actions import HTTPSkill
E     File "/Users/sadusumilli/clawd/projects/opensre/skills/http/actions.py", line 159
E       ) -> ActionResult[HTTPResponse]:
E       ^
E   SyntaxError: unmatched ')'
_________ ERROR at setup of TestPrometheusIntegration.test_get_targets _________
tests/integration/test_skills_integration.py:23: in prometheus_skill
    from skills.prometheus.actions import PrometheusSkill
skills/__init__.py:12: in <module>
    from skills.http import HTTPSkill
skills/http/__init__.py:7: in <module>
    from .actions import HTTPSkill
E     File "/Users/sadusumilli/clawd/projects/opensre/skills/http/actions.py", line 159
E       ) -> ActionResult[HTTPResponse]:
E       ^
E   SyntaxError: unmatched ')'
_________ ERROR at setup of TestPrometheusIntegration.test_get_alerts __________
tests/integration/test_skills_integration.py:23: in prometheus_skill
    from skills.prometheus.actions import PrometheusSkill
skills/__init__.py:12: in <module>
    from skills.http import HTTPSkill
skills/http/__init__.py:7: in <module>
    from .actions import HTTPSkill
E     File "/Users/sadusumilli/clawd/projects/opensre/skills/http/actions.py", line 159
E       ) -> ActionResult[HTTPResponse]:
E       ^
E   SyntaxError: unmatched ')'
__________ ERROR at setup of TestKubernetesIntegration.test_get_pods ___________
tests/integration/test_skills_integration.py:66: in kubernetes_skill
    from skills.kubernetes.actions import KubernetesSkill
skills/__init__.py:12: in <module>
    from skills.http import HTTPSkill
skills/http/__init__.py:7: in <module>
    from .actions import HTTPSkill
E     File "/Users/sadusumilli/clawd/projects/opensre/skills/http/actions.py", line 159
E       ) -> ActionResult[HTTPResponse]:
E       ^
E   SyntaxError: unmatched ')'
_______ ERROR at setup of TestKubernetesIntegration.test_get_deployments _______
tests/integration/test_skills_integration.py:66: in kubernetes_skill
    from skills.kubernetes.actions import KubernetesSkill
skills/__init__.py:12: in <module>
    from skills.http import HTTPSkill
skills/http/__init__.py:7: in <module>
    from .actions import HTTPSkill
E     File "/Users/sadusumilli/clawd/projects/opensre/skills/http/actions.py", line 159
E       ) -> ActionResult[HTTPResponse]:
E       ^
E   SyntaxError: unmatched ')'
_________ ERROR at setup of TestKubernetesIntegration.test_get_events __________
tests/integration/test_skills_integration.py:66: in kubernetes_skill
    from skills.kubernetes.actions import KubernetesSkill
skills/__init__.py:12: in <module>
    from skills.http import HTTPSkill
skills/http/__init__.py:7: in <module>
    from .actions import HTTPSkill
E     File "/Users/sadusumilli/clawd/projects/opensre/skills/http/actions.py", line 159
E       ) -> ActionResult[HTTPResponse]:
E       ^
E   SyntaxError: unmatched ')'
____________ ERROR at setup of TestHTTPIntegration.test_get_request ____________
tests/integration/test_skills_integration.py:109: in http_skill
    from skills.http.actions import HTTPSkill
skills/__init__.py:12: in <module>
    from skills.http import HTTPSkill
skills/http/__init__.py:7: in <module>
    from .actions import HTTPSkill
E     File "/Users/sadusumilli/clawd/projects/opensre/skills/http/actions.py", line 159
E       ) -> ActionResult[HTTPResponse]:
E       ^
E   SyntaxError: unmatched ')'
___________ ERROR at setup of TestHTTPIntegration.test_post_request ____________
tests/integration/test_skills_integration.py:109: in http_skill
    from skills.http.actions import HTTPSkill
skills/__init__.py:12: in <module>
    from skills.http import HTTPSkill
skills/http/__init__.py:7: in <module>
    from .actions import HTTPSkill
E     File "/Users/sadusumilli/clawd/projects/opensre/skills/http/actions.py", line 159
E       ) -> ActionResult[HTTPResponse]:
E       ^
E   SyntaxError: unmatched ')'
___________ ERROR at setup of TestHTTPIntegration.test_health_check ____________
tests/integration/test_skills_integration.py:109: in http_skill
    from skills.http.actions import HTTPSkill
skills/__init__.py:12: in <module>
    from skills.http import HTTPSkill
skills/http/__init__.py:7: in <module>
    from .actions import HTTPSkill
E     File "/Users/sadusumilli/clawd/projects/opensre/skills/http/actions.py", line 159
E       ) -> ActionResult[HTTPResponse]:
E       ^
E   SyntaxError: unmatched ')'
_______ ERROR at setup of TestHTTPIntegration.test_health_check_failure ________
tests/integration/test_skills_integration.py:109: in http_skill
    from skills.http.actions import HTTPSkill
skills/__init__.py:12: in <module>
    from skills.http import HTTPSkill
skills/http/__init__.py:7: in <module>
    from .actions import HTTPSkill
E     File "/Users/sadusumilli/clawd/projects/opensre/skills/http/actions.py", line 159
E       ) -> ActionResult[HTTPResponse]:
E       ^
E   SyntaxError: unmatched ')'
______ ERROR at setup of TestElasticsearchIntegration.test_cluster_health ______
tests/integration/test_skills_integration.py:213: in elasticsearch_skill
    from skills.elasticsearch.actions import ElasticsearchSkill
skills/__init__.py:12: in <module>
    from skills.http import HTTPSkill
skills/http/__init__.py:7: in <module>
    from .actions import HTTPSkill
E     File "/Users/sadusumilli/clawd/projects/opensre/skills/http/actions.py", line 159
E       ) -> ActionResult[HTTPResponse]:
E       ^
E   SyntaxError: unmatched ')'
_______ ERROR at setup of TestElasticsearchIntegration.test_get_indices ________
tests/integration/test_skills_integration.py:213: in elasticsearch_skill
    from skills.elasticsearch.actions import ElasticsearchSkill
skills/__init__.py:12: in <module>
    from skills.http import HTTPSkill
skills/http/__init__.py:7: in <module>
    from .actions import HTTPSkill
E     File "/Users/sadusumilli/clawd/projects/opensre/skills/http/actions.py", line 159
E       ) -> ActionResult[HTTPResponse]:
E       ^
E   SyntaxError: unmatched ')'
=========================== short test summary info ============================
ERROR tests/integration/test_skills_integration.py::TestPrometheusIntegration::test_query_basic
ERROR tests/integration/test_skills_integration.py::TestPrometheusIntegration::test_get_targets
ERROR tests/integration/test_skills_integration.py::TestPrometheusIntegration::test_get_alerts
ERROR tests/integration/test_skills_integration.py::TestKubernetesIntegration::test_get_pods
ERROR tests/integration/test_skills_integration.py::TestKubernetesIntegration::test_get_deployments
ERROR tests/integration/test_skills_integration.py::TestKubernetesIntegration::test_get_events
ERROR tests/integration/test_skills_integration.py::TestHTTPIntegration::test_get_request
ERROR tests/integration/test_skills_integration.py::TestHTTPIntegration::test_post_request
ERROR tests/integration/test_skills_integration.py::TestHTTPIntegration::test_health_check
ERROR tests/integration/test_skills_integration.py::TestHTTPIntegration::test_health_check_failure
ERROR tests/integration/test_skills_integration.py::TestElasticsearchIntegration::test_cluster_health
ERROR tests/integration/test_skills_integration.py::TestElasticsearchIntegration::test_get_indices
======================== 2 skipped, 12 errors in 1.31s =========================
============================= test session starts ==============================
platform darwin -- Python 3.14.3, pytest-9.0.2, pluggy-1.6.0 -- /Users/sadusumilli/clawd/projects/opensre/.venv/bin/python3.14
cachedir: .pytest_cache
rootdir: /Users/sadusumilli/clawd/projects/opensre
configfile: pyproject.toml
plugins: respx-0.22.0, mock-3.15.1, cov-7.1.0, asyncio-1.3.0, Faker-40.11.1, anyio-4.13.0
asyncio: mode=Mode.AUTO, debug=False, asyncio_default_fixture_loop_scope=None, asyncio_default_test_loop_scope=function
collecting ... collected 14 items

tests/integration/test_skills_integration.py::TestPrometheusIntegration::test_query_basic PASSED [  7%]
tests/integration/test_skills_integration.py::TestPrometheusIntegration::test_get_targets PASSED [ 14%]
tests/integration/test_skills_integration.py::TestPrometheusIntegration::test_get_alerts PASSED [ 21%]
tests/integration/test_skills_integration.py::TestKubernetesIntegration::test_get_pods PASSED [ 28%]
tests/integration/test_skills_integration.py::TestKubernetesIntegration::test_get_deployments PASSED [ 35%]
tests/integration/test_skills_integration.py::TestKubernetesIntegration::test_get_events PASSED [ 42%]
tests/integration/test_skills_integration.py::TestHTTPIntegration::test_get_request PASSED [ 50%]
tests/integration/test_skills_integration.py::TestHTTPIntegration::test_post_request PASSED [ 57%]
tests/integration/test_skills_integration.py::TestHTTPIntegration::test_health_check PASSED [ 64%]
tests/integration/test_skills_integration.py::TestHTTPIntegration::test_health_check_failure PASSED [ 71%]
tests/integration/test_skills_integration.py::TestDatadogIntegration::test_query_metrics SKIPPED [ 78%]
tests/integration/test_skills_integration.py::TestDatadogIntegration::test_get_monitors SKIPPED [ 85%]
tests/integration/test_skills_integration.py::TestElasticsearchIntegration::test_cluster_health PASSED [ 92%]
tests/integration/test_skills_integration.py::TestElasticsearchIntegration::test_get_indices PASSED [100%]

======================== 12 passed, 2 skipped in 8.73s =========================
============================= test session starts ==============================
platform darwin -- Python 3.14.3, pytest-9.0.2, pluggy-1.6.0 -- /Users/sadusumilli/clawd/projects/opensre/.venv/bin/python3.14
cachedir: .pytest_cache
rootdir: /Users/sadusumilli/clawd/projects/opensre
configfile: pyproject.toml
plugins: respx-0.22.0, mock-3.15.1, cov-7.1.0, asyncio-1.3.0, Faker-40.11.1, anyio-4.13.0
asyncio: mode=Mode.AUTO, debug=False, asyncio_default_fixture_loop_scope=None, asyncio_default_test_loop_scope=function
collecting ... collected 21 items

tests/integration/test_investigations.py::TestOrchestratorBasic::test_orchestrator_initializes PASSED [  4%]
tests/integration/test_investigations.py::TestOrchestratorBasic::test_investigate_returns_result PASSED [  9%]
tests/integration/test_investigations.py::TestOrchestratorBasic::test_investigate_timeout FAILED [ 14%]
tests/integration/test_investigations.py::TestScenarioDefinitions::test_all_scenarios_have_required_fields PASSED [ 19%]
tests/integration/test_investigations.py::TestScenarioDefinitions::test_deployable_scenarios_have_manifests PASSED [ 23%]
tests/integration/test_investigations.py::TestScenarioDefinitions::test_scenario_count PASSED [ 28%]
tests/integration/test_investigations.py::TestMemoryScenario::test_memory_hog_detection FAILED [ 33%]
tests/integration/test_investigations.py::TestCrashloopScenario::test_crashloop_detection FAILED [ 38%]
tests/integration/test_investigations.py::TestCPUScenario::test_cpu_hog_detection PASSED [ 42%]
tests/integration/test_investigations.py::TestOOMScenario::test_oom_detection FAILED [ 47%]
tests/integration/test_investigations.py::TestHealthCheck::test_healthy_namespace FAILED [ 52%]
tests/integration/test_investigations.py::TestAllScenarios::test_scenario_completes[memory_hog] PASSED [ 57%]
tests/integration/test_investigations.py::TestAllScenarios::test_scenario_completes[cpu_hog] FAILED [ 61%]
tests/integration/test_investigations.py::TestAllScenarios::test_scenario_completes[crashloop] FAILED [ 66%]
tests/integration/test_investigations.py::TestAllScenarios::test_scenario_completes[oom_kill] FAILED [ 71%]
tests/integration/test_investigations.py::TestAllScenarios::test_scenario_completes[latency_issue] PASSED [ 76%]
tests/integration/test_investigations.py::TestAllScenarios::test_scenario_completes[error_rate] FAILED [ 80%]
tests/integration/test_investigations.py::TestAllScenarios::test_scenario_completes[healthy_check] FAILED [ 85%]
tests/integration/test_investigations.py::TestAllScenarios::test_scenario_completes[network_issue] PASSED [ 90%]
tests/integration/test_investigations.py::TestAllScenarios::test_scenario_completes[disk_pressure] FAILED [ 95%]
tests/integration/test_investigations.py::TestAllScenarios::test_scenario_completes[pending_pods] FAILED [100%]

=================================== FAILURES ===================================
________________ TestOrchestratorBasic.test_investigate_timeout ________________
tests/integration/test_investigations.py:72: in test_investigate_timeout
    assert result.status in ["completed", "timeout"]
E   AssertionError: assert 'failed' in ['completed', 'timeout']
E    +  where 'failed' = InvestigationResult(issue='complex issue requiring analysis', namespace='default', started_at=datetime.datetime(2026, 4, 21, 23, 11, 43, 377509), observations=[], root_cause='', confidence=0.0, similar_incidents=[], contributing_factors=[], actions=[], id='ae02d71b', iterations=1, completed_at=datetime.datetime(2026, 4, 21, 23, 11, 43, 476647), status='failed', error='Event loop is closed', alert_name=None, timestamp='2026-04-21 23:11:43', pattern_match=None).status
_________________ TestMemoryScenario.test_memory_hog_detection _________________
tests/integration/test_investigations.py:112: in test_memory_hog_detection
    assert result.status == "completed"
E   AssertionError: assert 'failed' == 'completed'
E     
E     - completed
E     + failed
________________ TestCrashloopScenario.test_crashloop_detection ________________
tests/integration/test_investigations.py:133: in test_crashloop_detection
    assert result.status == "completed"
E   AssertionError: assert 'failed' == 'completed'
E     
E     - completed
E     + failed
______________________ TestOOMScenario.test_oom_detection ______________________
tests/integration/test_investigations.py:169: in test_oom_detection
    assert result.status == "completed"
E   AssertionError: assert 'failed' == 'completed'
E     
E     - completed
E     + failed
____________________ TestHealthCheck.test_healthy_namespace ____________________
tests/integration/test_investigations.py:187: in test_healthy_namespace
    assert result.status == "completed"
E   AssertionError: assert 'failed' == 'completed'
E     
E     - completed
E     + failed
______________ TestAllScenarios.test_scenario_completes[cpu_hog] _______________
tests/integration/test_investigations.py:207: in test_scenario_completes
    assert result.status in ["completed", "timeout"]
E   assert 'failed' in ['completed', 'timeout']
E    +  where 'failed' = InvestigationResult(issue='high CPU usage in default namespace', namespace='default', started_at=datetime.datetime(2026, 4, 21, 23, 13, 2, 126867), observations=[Observation(source='prometheus', type='metric', summary='No data for container_cpu_usage_rate in default', details={'metric': 'container_cpu_usage_rate', 'query': 'sum(rate(container_cpu_usage_seconds_total{namespace="default"}[5m])) by (pod)'}, severity='info', timestamp=datetime.datetime(2026, 4, 21, 23, 13, 2, 147104))], root_cause='', confidence=0.0, similar_incidents=[], contributing_factors=[], actions=[], id='f75c7588', iterations=1, completed_at=datetime.datetime(2026, 4, 21, 23, 13, 2, 213730), status='failed', error='Event loop is closed', alert_name=None, timestamp='2026-04-21 23:13:02', pattern_match=None).status
_____________ TestAllScenarios.test_scenario_completes[crashloop] ______________
tests/integration/test_investigations.py:207: in test_scenario_completes
    assert result.status in ["completed", "timeout"]
E   AssertionError: assert 'failed' in ['completed', 'timeout']
E    +  where 'failed' = InvestigationResult(issue='pod crashlooping in default namespace', namespace='default', started_at=datetime.datetime(2026, 4, 21, 23, 13, 2, 218530), observations=[], root_cause='Pod crashlooping in default namespace due to container exit with non-zero exit code.', confidence=0.8, similar_incidents=['None found in the runbook context', 'Runbook: CrashLoopBackOff', 'Runbook: Disk Pressure / Storage Issues', 'Runbook: Pod Scheduling Issues / Pending Pods'], contributing_factors=[], actions=[], id='9258bf27', iterations=1, completed_at=datetime.datetime(2026, 4, 21, 23, 13, 31, 551373), status='failed', error='Event loop is closed', alert_name=None, timestamp='2026-04-21 23:13:02', pattern_match=None).status
______________ TestAllScenarios.test_scenario_completes[oom_kill] ______________
tests/integration/test_investigations.py:207: in test_scenario_completes
    assert result.status in ["completed", "timeout"]
E   assert 'failed' in ['completed', 'timeout']
E    +  where 'failed' = InvestigationResult(issue='OOM killed pod in default namespace', namespace='default', started_at=datetime.datetime(2026, 4, 21, 23, 13, 31, 567373), observations=[Observation(source='prometheus', type='metric', summary='No data for container_memory_usage_bytes in default', details={'metric': 'container_memory_usage_bytes', 'query': 'sum(container_memory_usage_bytes{namespace="default"}) by (pod)'}, severity='info', timestamp=datetime.datetime(2026, 4, 21, 23, 13, 31, 586257)), Observation(source='prometheus', type='metric', summary='No data for container_memory_working_set_bytes in default', details={'metric': 'container_memory_working_set_bytes', 'query': 'sum(container_memory_working_set_bytes{namespace="default"}) by (pod)'}, severity='info', timestamp=datetime.datetime(2026, 4, 21, 23, 13, 31, 591076))], root_cause='', confidence=0.0, similar_incidents=['Pattern: 20 similar incidents, 0% resolved'], contributing_factors=[], actions=[], id='01429ad3', iterations=1, completed_at=datetime.datetime(2026, 4, 21, 23, 13, 31, 651309), status='failed', error='Event loop is closed', alert_name=None, timestamp='2026-04-21 23:13:31', pattern_match=PatternMatch(likely_root_cause='Test issue detected', pattern_confidence=0.85, similar_incidents=20, common_actions=[], avg_resolution_time=0, success_rate=0.0)).status
_____________ TestAllScenarios.test_scenario_completes[error_rate] _____________
tests/integration/test_investigations.py:207: in test_scenario_completes
    assert result.status in ["completed", "timeout"]
E   assert 'failed' in ['completed', 'timeout']
E    +  where 'failed' = InvestigationResult(issue='5xx errors on api service', namespace='default', started_at=datetime.datetime(2026, 4, 21, 23, 14, 34, 735673), observations=[Observation(source='prometheus', type='metric', summary='No data for http_5xx_rate in default', details={'metric': 'http_5xx_rate', 'query': 'sum(rate(http_requests_total{namespace="default", status=~"5.."}[5m])) by (service)'}, severity='info', timestamp=datetime.datetime(2026, 4, 21, 23, 14, 34, 759002)), Observation(source='prometheus', type='metric', summary='No data for http_5xx_count in default', details={'metric': 'http_5xx_count', 'query': 'sum(increase(http_requests_total{namespace="default", status=~"5.."}[1h])) by (service)'}, severity='info', timestamp=datetime.datetime(2026, 4, 21, 23, 14, 34, 769012))], root_cause='', confidence=0.0, similar_incidents=[], contributing_factors=[], actions=[], id='e5772edb', iterations=1, completed_at=datetime.datetime(2026, 4, 21, 23, 14, 34, 941275), status='failed', error='Event loop is closed', alert_name=None, timestamp='2026-04-21 23:14:34', pattern_match=None).status
___________ TestAllScenarios.test_scenario_completes[healthy_check] ____________
tests/integration/test_investigations.py:207: in test_scenario_completes
    assert result.status in ["completed", "timeout"]
E   AssertionError: assert 'failed' in ['completed', 'timeout']
E    +  where 'failed' = InvestigationResult(issue='check health of default namespace', namespace='default', started_at=datetime.datetime(2026, 4, 21, 23, 14, 34, 947801), observations=[], root_cause='No issues detected', confidence=0.0, similar_incidents=['Runbook: Disk Pressure / Storage Issues', 'Runbook: High Memory Usage / OOMKilled'], contributing_factors=[], actions=[], id='a7a22dc9', iterations=1, completed_at=datetime.datetime(2026, 4, 21, 23, 14, 34, 988972), status='failed', error='Event loop is closed', alert_name=None, timestamp='2026-04-21 23:14:34', pattern_match=None).status
___________ TestAllScenarios.test_scenario_completes[disk_pressure] ____________
tests/integration/test_investigations.py:207: in test_scenario_completes
    assert result.status in ["completed", "timeout"]
E   assert 'failed' in ['completed', 'timeout']
E    +  where 'failed' = InvestigationResult(issue='disk pressure on nodes', namespace='default', started_at=datetime.datetime(2026, 4, 21, 23, 15, 13, 896671), observations=[Observation(source='prometheus', type='metric', summary='No data for container_fs_usage_bytes in default', details={'metric': 'container_fs_usage_bytes', 'query': 'sum(container_fs_usage_bytes{namespace="default"}) by (pod, device)'}, severity='info', timestamp=datetime.datetime(2026, 4, 21, 23, 15, 13, 915843))], root_cause='', confidence=0.0, similar_incidents=[], contributing_factors=[], actions=[], id='ddbfdf49', iterations=1, completed_at=datetime.datetime(2026, 4, 21, 23, 15, 14, 147208), status='failed', error='Event loop is closed', alert_name=None, timestamp='2026-04-21 23:15:13', pattern_match=None).status
____________ TestAllScenarios.test_scenario_completes[pending_pods] ____________
tests/integration/test_investigations.py:207: in test_scenario_completes
    assert result.status in ["completed", "timeout"]
E   AssertionError: assert 'failed' in ['completed', 'timeout']
E    +  where 'failed' = InvestigationResult(issue='pods stuck in pending state', namespace='default', started_at=datetime.datetime(2026, 4, 21, 23, 15, 14, 160665), observations=[], root_cause='Pods stuck in pending state due to insufficient resources on nodes, likely caused by recent node scaling or resource request changes.', confidence=0.7, similar_incidents=['Runbook: Pod Scheduling Issues / Pending Pods', 'Runbook: CrashLoopBackOff'], contributing_factors=[], actions=[], id='e88c597b', iterations=1, completed_at=datetime.datetime(2026, 4, 21, 23, 15, 45, 891508), status='failed', error='Event loop is closed', alert_name=None, timestamp='2026-04-21 23:15:14', pattern_match=None).status
=========================== short test summary info ============================
FAILED tests/integration/test_investigations.py::TestOrchestratorBasic::test_investigate_timeout
FAILED tests/integration/test_investigations.py::TestMemoryScenario::test_memory_hog_detection
FAILED tests/integration/test_investigations.py::TestCrashloopScenario::test_crashloop_detection
FAILED tests/integration/test_investigations.py::TestOOMScenario::test_oom_detection
FAILED tests/integration/test_investigations.py::TestHealthCheck::test_healthy_namespace
FAILED tests/integration/test_investigations.py::TestAllScenarios::test_scenario_completes[cpu_hog]
FAILED tests/integration/test_investigations.py::TestAllScenarios::test_scenario_completes[crashloop]
FAILED tests/integration/test_investigations.py::TestAllScenarios::test_scenario_completes[oom_kill]
FAILED tests/integration/test_investigations.py::TestAllScenarios::test_scenario_completes[error_rate]
FAILED tests/integration/test_investigations.py::TestAllScenarios::test_scenario_completes[healthy_check]
FAILED tests/integration/test_investigations.py::TestAllScenarios::test_scenario_completes[disk_pressure]
FAILED tests/integration/test_investigations.py::TestAllScenarios::test_scenario_completes[pending_pods]
=================== 12 failed, 9 passed in 268.07s (0:04:28) ===================
